0 info it worked if it ends with ok
1 verbose cli [ '/Users/nboyd/.nvm/versions/node/v6.11.1/bin/node',
1 verbose cli   '/Users/nboyd/.nvm/versions/node/v6.11.1/bin/npm',
1 verbose cli   'run',
1 verbose cli   'compile' ]
2 info using npm@3.10.10
3 info using node@v6.11.1
4 verbose run-script [ 'precompile', 'compile', 'postcompile' ]
5 info lifecycle lsp--sample@0.0.1~precompile: lsp--sample@0.0.1
6 silly lifecycle lsp--sample@0.0.1~precompile: no script for precompile, continuing
7 info lifecycle lsp--sample@0.0.1~compile: lsp--sample@0.0.1
8 verbose lifecycle lsp--sample@0.0.1~compile: unsafe-perm in lifecycle true
9 verbose lifecycle lsp--sample@0.0.1~compile: PATH: /Users/nboyd/.nvm/versions/node/v6.11.1/lib/node_modules/npm/bin/node-gyp-bin:/Users/nboyd/git/vscode-extension-samples/lsp-sample/node_modules/.bin:/Users/nboyd/.nvm/versions/node/v6.11.1/bin:/Users/nboyd/.rvm/gems/ruby-2.2.2/bin:/Users/nboyd/.rvm/gems/ruby-2.2.2@global/bin:/Users/nboyd/.rvm/rubies/ruby-2.2.2/bin:/Users/nboyd/perl5/bin:/Users/nboyd/bin:/usr/local/bin:/usr/bin:/bin:/usr/sbin:/sbin:/usr/local/share/dotnet:/Library/Frameworks/Mono.framework/Versions/Current/Commands:/Applications/Wireshark.app/Contents/MacOS:/Users/nboyd/git/dev_scripts:/Users/nboyd/.rvm/bin:/Applications/Visual Studio Code.app/Contents/Resources/app/bin
10 verbose lifecycle lsp--sample@0.0.1~compile: CWD: /Users/nboyd/git/vscode-extension-samples/lsp-sample
11 silly lifecycle lsp--sample@0.0.1~compile: Args: [ '-c',
11 silly lifecycle   'tsc -p client/tsconfig.json && cd server && npm run installServer && cd .. && tsc -p server/tsconfig.json' ]
12 silly lifecycle lsp--sample@0.0.1~compile: Returned: code: 2  signal: null
13 info lifecycle lsp--sample@0.0.1~compile: Failed to exec compile script
14 verbose stack Error: lsp--sample@0.0.1 compile: `tsc -p client/tsconfig.json && cd server && npm run installServer && cd .. && tsc -p server/tsconfig.json`
14 verbose stack Exit status 2
14 verbose stack     at EventEmitter.<anonymous> (/Users/nboyd/.nvm/versions/node/v6.11.1/lib/node_modules/npm/lib/utils/lifecycle.js:255:16)
14 verbose stack     at emitTwo (events.js:106:13)
14 verbose stack     at EventEmitter.emit (events.js:191:7)
14 verbose stack     at ChildProcess.<anonymous> (/Users/nboyd/.nvm/versions/node/v6.11.1/lib/node_modules/npm/lib/utils/spawn.js:40:14)
14 verbose stack     at emitTwo (events.js:106:13)
14 verbose stack     at ChildProcess.emit (events.js:191:7)
14 verbose stack     at maybeClose (internal/child_process.js:891:16)
14 verbose stack     at Process.ChildProcess._handle.onexit (internal/child_process.js:226:5)
15 verbose pkgid lsp--sample@0.0.1
16 verbose cwd /Users/nboyd/git/vscode-extension-samples/lsp-sample
17 error Darwin 16.7.0
18 error argv "/Users/nboyd/.nvm/versions/node/v6.11.1/bin/node" "/Users/nboyd/.nvm/versions/node/v6.11.1/bin/npm" "run" "compile"
19 error node v6.11.1
20 error npm  v3.10.10
21 error code ELIFECYCLE
22 error lsp--sample@0.0.1 compile: `tsc -p client/tsconfig.json && cd server && npm run installServer && cd .. && tsc -p server/tsconfig.json`
22 error Exit status 2
23 error Failed at the lsp--sample@0.0.1 compile script 'tsc -p client/tsconfig.json && cd server && npm run installServer && cd .. && tsc -p server/tsconfig.json'.
23 error Make sure you have the latest version of node.js and npm installed.
23 error If you do, this is most likely a problem with the lsp--sample package,
23 error not with npm itself.
23 error Tell the author that this fails on your system:
23 error     tsc -p client/tsconfig.json && cd server && npm run installServer && cd .. && tsc -p server/tsconfig.json
23 error You can get information on how to open an issue for this project with:
23 error     npm bugs lsp--sample
23 error Or if that isn't available, you can get their info via:
23 error     npm owner ls lsp--sample
23 error There is likely additional logging output above.
24 verbose exit [ 1, true ]
